[09/20/2022 14:42:07] Debug: Session id: 9114e02a-0fa7-45bf-a7af-94d7db01dc60
[09/20/2022 14:42:07] Debug: Code Processor information: Name :SnowConvert, Version: 9.0.49.0
[09/20/2022 14:42:08] Debug: Getting license
[09/20/2022 14:42:08] Debug: License information
	Status: Failed
	Message: No active license available.
[09/20/2022 14:42:08] Info: Starting to validate parameters
[09/20/2022 14:42:08] Info: Parameters to validate: 
	Execution mode: Conversion
	LICENSE_KEY: a3372138-b87e-4a08-b929-3b48b24c63f1
[09/20/2022 14:42:08] Info: Validation of parameters: Success
[09/20/2022 14:42:08] Debug: Getting code descriptor
[09/20/2022 14:42:08] Debug: Code descriptor information
	Units: 51
	Units type: LOC
	All file bytes: 2141
	All found extensions: .sql,.dml,.ddl,.bteq,.btq,.fl,.fload,.ml,.mload,.mld,.tp,.tpump,.tpt
[09/20/2022 14:42:08] Debug: Calculating fingerprint
[09/20/2022 14:42:08] Debug: Fingerprint information Fingerprint(size=2141,projects=1)
[09/20/2022 14:42:08] Info: Starting to try to validate online license for execution
[09/20/2022 14:42:10] Debug: Getting license
[09/20/2022 14:42:10] Debug: License information
	Status: Failed
	Message: No active license available.
[09/20/2022 14:42:10] Debug: Starting the execution of the controller
[09/20/2022 14:42:11] Debug: Executing the worker: SnowConvert
[09/20/2022 14:42:21] Debug: Finished executing the worker: SnowConvert
[09/20/2022 14:42:23] Info: Controller execution ended
